Using pre-set license
Built from '2020.3/staging' branch; Version is '2020.3.13f1 (71691879b7f5) revision 7432472'; Using compiler version '192528614'; Build Type 'Release'
OS: 'Windows 10 Pro; OS build 19042.1052; Version 2009; 64bit' Language: 'fr' Physical Memory: 16316 MB
BatchMode: 1, IsHumanControllingUs: 0, StartBugReporterOnCrash: 0, Is64bit: 1, IsPro: 0

 COMMAND LINE ARGUMENTS:
C:\Program Files\UnityEditor\2020.3.13f1\Editor\Unity.exe
-adb2
-batchMode
-noUpm
-name
AssetImportWorker0
-projectPath
D:/6freedom/FirebaseTest
-logFile
Logs/AssetImportWorker0.log
-srvPort
5002
Successfully changed project path to: D:/6freedom/FirebaseTest
D:/6freedom/FirebaseTest
Using Asset Import Pipeline V2.
Refreshing native plugins compatible for Editor in 86.28 ms, found 5 plugins.
Preloading 0 native plugins for Editor in 0.00 ms.
Initialize engine version: 2020.3.13f1 (71691879b7f5)
[Subsystems] Discovering subsystems at path C:/Program Files/UnityEditor/2020.3.13f1/Editor/Data/Resources/UnitySubsystems
[Subsystems] Discovering subsystems at path D:/6freedom/FirebaseTest/Assets
GfxDevice: creating device client; threaded=0
Direct3D:
    Version:  Direct3D 11.0 [level 11.1]
    Renderer: NVIDIA GeForce RTX 3080 (ID=0x2206)
    Vendor:   
    VRAM:     10077 MB
    Driver:   27.21.14.6089
Shader 'Universal Render Pipeline/Particles/Lit': fallback shader 'Universal Render Pipeline/Particles/SimpleLit' not found
Initialize mono
Mono path[0] = 'C:/Program Files/UnityEditor/2020.3.13f1/Editor/Data/Managed'
Mono path[1] = 'C:/Program Files/UnityEditor/2020.3.13f1/Editor/Data/MonoBleedingEdge/lib/mono/unityjit'
Mono config path = 'C:/Program Files/UnityEditor/2020.3.13f1/Editor/Data/MonoBleedingEdge/etc'
Using monoOptions --debugger-agent=transport=dt_socket,embedding=1,server=y,suspend=n,address=127.0.0.1:56008
Begin MonoManager ReloadAssembly
Registering precompiled unity dll's ...
Register platform support module: C:/Program Files/UnityEditor/2020.3.13f1/Editor/Data/PlaybackEngines/WindowsStandaloneSupport/UnityEditor.WindowsStandalone.Extensions.dll
Registered in 0.002954 seconds.
Native extension for WindowsStandalone target not found
Refreshing native plugins compatible for Editor in 65.96 ms, found 5 plugins.
Preloading 0 native plugins for Editor in 0.00 ms.
Mono: successfully reloaded assembly
- Completed reload, in  2.426 seconds
Platform modules already initialized, skipping
Registering precompiled user dll's ...
Registered in 0.012142 seconds.
Begin MonoManager ReloadAssembly
Native extension for WindowsStandalone target not found
Refreshing native plugins compatible for Editor in 65.09 ms, found 5 plugins.
Preloading 0 native plugins for Editor in 0.00 ms.
Mono: successfully reloaded assembly
- Completed reload, in  1.535 seconds
Platform modules already initialized, skipping
========================================================================
Worker process is ready to serve import requests
Shader 'Universal Render Pipeline/Particles/Lit': fallback shader 'Universal Render Pipeline/Particles/SimpleLit' not found
Launched and connected shader compiler UnityShaderCompiler.exe after 0.06 seconds
Refreshing native plugins compatible for Editor in 1.42 ms, found 5 plugins.
Preloading 0 native plugins for Editor in 0.00 ms.
Unloading 2806 Unused Serialized files (Serialized files now loaded: 0)
System memory in use before: 125.5 MB.
System memory in use after: 125.6 MB.

Unloading 128 unused Assets to reduce memory usage. Loaded Objects now: 3142.
Total: 3.134700 ms (FindLiveObjects: 0.361500 ms CreateObjectMapping: 0.081600 ms MarkObjects: 2.560800 ms  DeleteObjects: 0.129500 ms)

AssetImportParameters requested are different than current active one (requested -> active):
  custom:framework-win-MediaFoundation: 216162199b28c13a410421893ffa2e32 -> 
  custom:video-decoder-ogg-theora: a1e56fd34408186e4bbccfd4996cb3dc -> 
  custom:container-muxer-webm: aa71ff27fc2769a1b78a27578f13a17b -> 
  custom:container-demuxer-webm: 4f35f7cbe854078d1ac9338744f61a02 -> 
  custom:container-demuxer-ogg: 62fdf1f143b41e24485cea50d1cbac27 -> 
  custom:video-encoder-webm-vp8: eb34c28f22e8b96e1ab97ce403110664 -> 
  custom:video-codec-MediaFoundation-h265: 746d11721c4dcdbdad8f713fa42b33f4 -> 
  custom:video-decoder-webm-vp8: 9c59270c3fd7afecdb556c50c9e8de78 -> 
  custom:audio-decoder-ogg-vorbis: bf7c407c2cedff20999df2af8eb42d56 -> 
  custom:audio-encoder-webm-vorbis: bf7c407c2cedff20999df2af8eb42d56 -> 
========================================================================
Received Import Request.
  path: Assets/Scenes/SampleScene.unity
  artifactKey: Guid(d1c3109bdb54ad54c8a2b2838528e640) Importer(815301076,1909f56bfc062723c751e8b465ee728b)
Start importing Assets/Scenes/SampleScene.unity using Guid(d1c3109bdb54ad54c8a2b2838528e640) Importer(815301076,1909f56bfc062723c751e8b465ee728b)  -> (artifact id: '1f4abeb6d59ade5324c63631c99a23ea') in 0.020639 seconds 
  Import took 0.025240 seconds .

========================================================================
Received Import Request.
  Time since last request: 0.000278 seconds.
  path: Assets/Readme.asset
  artifactKey: Guid(83c2ed844a8c74b779a4c823d16594b1) Importer(815301076,1909f56bfc062723c751e8b465ee728b)
Start importing Assets/Readme.asset using Guid(83c2ed844a8c74b779a4c823d16594b1) Importer(815301076,1909f56bfc062723c751e8b465ee728b)  -> (artifact id: '8ffd2c44ffeb50c574abb5d0c4453328') in 0.036724 seconds 
  Import took 0.040852 seconds .

========================================================================
Received Import Request.
  Time since last request: 0.000198 seconds.
  path: Assets/Scenes
  artifactKey: Guid(e1d05a050b14469498bdb807ea6f0fd4) Importer(815301076,1909f56bfc062723c751e8b465ee728b)
Start importing Assets/Scenes using Guid(e1d05a050b14469498bdb807ea6f0fd4) Importer(815301076,1909f56bfc062723c751e8b465ee728b)  -> (artifact id: '15b3b9da58f985ea3bb5d2bfcb3c4d05') in 0.006496 seconds 
  Import took 0.010375 seconds .

========================================================================
Received Import Request.
  Time since last request: 682.440611 seconds.
  path: Assets/FirebaseManager.cs
  artifactKey: Guid(a0ea2fd028a731944be845db32f3211f) Importer(815301076,1909f56bfc062723c751e8b465ee728b)
Start importing Assets/FirebaseManager.cs using Guid(a0ea2fd028a731944be845db32f3211f) Importer(815301076,1909f56bfc062723c751e8b465ee728b)  -> (artifact id: '5a4028da62bf77213d668da8ea52d28a') in 0.012429 seconds 
  Import took 0.017262 seconds .

========================================================================
Received Import Request.
  Time since last request: 0.025590 seconds.
  path: Assets/FirebaseManager.cs
  artifactKey: Guid(a0ea2fd028a731944be845db32f3211f) Importer(815301076,1909f56bfc062723c751e8b465ee728b)
Start importing Assets/FirebaseManager.cs using Guid(a0ea2fd028a731944be845db32f3211f) Importer(815301076,1909f56bfc062723c751e8b465ee728b)  -> (artifact id: '5a4028da62bf77213d668da8ea52d28a') in 0.002043 seconds 
  Import took 0.006406 seconds .

========================================================================
Received Prepare
Registering precompiled user dll's ...
Registered in 0.011088 seconds.
Begin MonoManager ReloadAssembly
Native extension for WindowsStandalone target not found
Refreshing native plugins compatible for Editor in 1.56 ms, found 5 plugins.
Preloading 0 native plugins for Editor in 0.00 ms.
Mono: successfully reloaded assembly
- Completed reload, in  1.481 seconds
Platform modules already initialized, skipping
Switching build target platform(19) subTarget(0) extendedPlatform(0) -> platform(13) subTarget(537395200) extendedPlatform(0)
Shader 'Universal Render Pipeline/Particles/Lit': fallback shader 'Universal Render Pipeline/Particles/SimpleLit' not found
Refreshing native plugins compatible for Editor in 1.60 ms, found 5 plugins.
Preloading 0 native plugins for Editor in 0.00 ms.
Unloading 2757 Unused Serialized files (Serialized files now loaded: 0)
System memory in use before: 118.8 MB.
System memory in use after: 119.0 MB.

Unloading 179 unused Assets to reduce memory usage. Loaded Objects now: 3145.
Total: 3.866700 ms (FindLiveObjects: 0.376600 ms CreateObjectMapping: 0.096300 ms MarkObjects: 3.305100 ms  DeleteObjects: 0.086800 ms)

AssetImportParameters requested are different than current active one (requested -> active):
  custom:framework-win-MediaFoundation: 216162199b28c13a410421893ffa2e32 -> 
  custom:video-decoder-ogg-theora: a1e56fd34408186e4bbccfd4996cb3dc -> 
  custom:container-muxer-webm: aa71ff27fc2769a1b78a27578f13a17b -> 
  custom:container-demuxer-webm: 4f35f7cbe854078d1ac9338744f61a02 -> 
  custom:container-demuxer-ogg: 62fdf1f143b41e24485cea50d1cbac27 -> 
  custom:video-encoder-webm-vp8: eb34c28f22e8b96e1ab97ce403110664 -> 
  custom:video-codec-MediaFoundation-h265: 746d11721c4dcdbdad8f713fa42b33f4 -> 
  custom:video-decoder-webm-vp8: 9c59270c3fd7afecdb556c50c9e8de78 -> 
  custom:graphics/normal-map-encoding: 01000000000000000000000000000000 -> 02000000000000000000000000000000
  custom:audio-decoder-ogg-vorbis: bf7c407c2cedff20999df2af8eb42d56 -> 
  custom:audio-encoder-webm-vorbis: bf7c407c2cedff20999df2af8eb42d56 -> 
========================================================================
Received Import Request.
  Time since last request: 106.341066 seconds.
  path: Assets/ExternalDependencyManager
  artifactKey: Guid(a746d1d8c910e1840ada041f6c40ab39) Importer(815301076,1909f56bfc062723c751e8b465ee728b)
Start importing Assets/ExternalDependencyManager using Guid(a746d1d8c910e1840ada041f6c40ab39) Importer(815301076,1909f56bfc062723c751e8b465ee728b)  -> (artifact id: 'dfacf5f238d4d953273608fa5257050f') in 0.010896 seconds 
  Import took 0.016353 seconds .

========================================================================
Received Import Request.
  Time since last request: 0.000510 seconds.
  path: Assets/ExternalDependencyManager
  artifactKey: Guid(a746d1d8c910e1840ada041f6c40ab39) Importer(815301076,1909f56bfc062723c751e8b465ee728b)
Start importing Assets/ExternalDependencyManager using Guid(a746d1d8c910e1840ada041f6c40ab39) Importer(815301076,1909f56bfc062723c751e8b465ee728b)  -> (artifact id: 'dfacf5f238d4d953273608fa5257050f') in 0.002272 seconds 
  Import took 0.006474 seconds .

========================================================================
Received Import Request.
  Time since last request: 0.259154 seconds.
  path: Assets/Firebase
  artifactKey: Guid(91a497b7ebb35bc409ca084b62985a02) Importer(815301076,1909f56bfc062723c751e8b465ee728b)
Start importing Assets/Firebase using Guid(91a497b7ebb35bc409ca084b62985a02) Importer(815301076,1909f56bfc062723c751e8b465ee728b)  -> (artifact id: 'd35f6efc4beba43e96903b69d40d30a1') in 0.006990 seconds 
  Import took 0.012665 seconds .

========================================================================
Received Import Request.
  Time since last request: 1.704075 seconds.
  path: Assets/Firebase/Plugins
  artifactKey: Guid(dd1c943c77f6cac4eb4c9b044dd91456) Importer(815301076,1909f56bfc062723c751e8b465ee728b)
Start importing Assets/Firebase/Plugins using Guid(dd1c943c77f6cac4eb4c9b044dd91456) Importer(815301076,1909f56bfc062723c751e8b465ee728b)  -> (artifact id: '98c0c0c47729b13f99e75082d0c1cbea') in 0.007295 seconds 
  Import took 0.012016 seconds .

========================================================================
Received Import Request.
  Time since last request: 2.921154 seconds.
  path: Assets/Firebase/Editor
  artifactKey: Guid(2b9c43c0f16860e4cafd280ecc73353e) Importer(815301076,1909f56bfc062723c751e8b465ee728b)
Start importing Assets/Firebase/Editor using Guid(2b9c43c0f16860e4cafd280ecc73353e) Importer(815301076,1909f56bfc062723c751e8b465ee728b)  -> (artifact id: '0cb5c29cbba499a34f48490fbf9fea40') in 0.007192 seconds 
  Import took 0.012740 seconds .

========================================================================
Received Prepare
Registering precompiled user dll's ...
Registered in 0.014163 seconds.
Begin MonoManager ReloadAssembly
Native extension for WindowsStandalone target not found
Refreshing native plugins compatible for Editor in 2.12 ms, found 5 plugins.
Preloading 0 native plugins for Editor in 0.00 ms.
Mono: successfully reloaded assembly
- Completed reload, in  2.068 seconds
Platform modules already initialized, skipping
Switching build target platform(19) subTarget(0) extendedPlatform(0) -> platform(13) subTarget(537395200) extendedPlatform(0)
Shader 'Universal Render Pipeline/Particles/Lit': fallback shader 'Universal Render Pipeline/Particles/SimpleLit' not found
Refreshing native plugins compatible for Editor in 1.58 ms, found 5 plugins.
Preloading 0 native plugins for Editor in 0.00 ms.
Unloading 2757 Unused Serialized files (Serialized files now loaded: 0)
System memory in use before: 118.8 MB.
System memory in use after: 119.1 MB.

Unloading 179 unused Assets to reduce memory usage. Loaded Objects now: 3148.
Total: 3.761200 ms (FindLiveObjects: 0.370400 ms CreateObjectMapping: 0.090400 ms MarkObjects: 3.208700 ms  DeleteObjects: 0.090100 ms)

AssetImportParameters requested are different than current active one (requested -> active):
  custom:framework-win-MediaFoundation: 216162199b28c13a410421893ffa2e32 -> 
  custom:video-decoder-ogg-theora: a1e56fd34408186e4bbccfd4996cb3dc -> 
  custom:container-muxer-webm: aa71ff27fc2769a1b78a27578f13a17b -> 
  custom:container-demuxer-webm: 4f35f7cbe854078d1ac9338744f61a02 -> 
  custom:container-demuxer-ogg: 62fdf1f143b41e24485cea50d1cbac27 -> 
  custom:video-encoder-webm-vp8: eb34c28f22e8b96e1ab97ce403110664 -> 
  custom:video-codec-MediaFoundation-h265: 746d11721c4dcdbdad8f713fa42b33f4 -> 
  custom:video-decoder-webm-vp8: 9c59270c3fd7afecdb556c50c9e8de78 -> 
  custom:graphics/normal-map-encoding: 01000000000000000000000000000000 -> 02000000000000000000000000000000
  custom:audio-decoder-ogg-vorbis: bf7c407c2cedff20999df2af8eb42d56 -> 
  custom:audio-encoder-webm-vorbis: bf7c407c2cedff20999df2af8eb42d56 -> 
AssetImportWorkerClient::OnTransportError - code=2 error=End of file
